
> web@0.1.0 dev
> next dev

▲ Next.js 16.1.6 (Turbopack)
- Local:         http://localhost:3000
- Network:       http://192.168.16.1:3000
- Environments: .env.local
- Experiments (use with caution):
  ✓ externalDir

✓ Starting...
✓ Ready in 4s
 GET /dashboard 200 in 2.1s (compile: 691ms, proxy.ts: 634ms, render: 794ms)
 GET /progress 200 in 208ms (compile: 121ms, proxy.ts: 19ms, render: 68ms)
✓ Compiled in 1467ms
 HEAD / 200 in 426ms (compile: 81ms, proxy.ts: 13ms, render: 332ms)
✓ Compiled in 430ms
✓ Compiled in 159ms
✓ Compiled in 262ms
✓ Compiled in 110ms
✓ Compiled in 142ms
✓ Compiled in 240ms
✓ Compiled in 1017ms
 GET /dashboard 200 in 251ms (compile: 16ms, proxy.ts: 27ms, render: 209ms)
✓ Compiled in 140ms
✓ Compiled in 112ms
✓ Compiled in 326ms
 GET /progress 200 in 351ms (compile: 263ms, proxy.ts: 19ms, render: 68ms)
 GET /progress 200 in 77ms (compile: 9ms, proxy.ts: 15ms, render: 52ms)
 GET /progress 200 in 69ms (compile: 11ms, proxy.ts: 13ms, render: 45ms)
 GET /progress 200 in 78ms (compile: 13ms, proxy.ts: 17ms, render: 48ms)
 GET /subscribe 200 in 1014ms (compile: 927ms, proxy.ts: 11ms, render: 77ms)
 GET /subscribe 200 in 75ms (compile: 13ms, proxy.ts: 17ms, render: 45ms)
 GET /dashboard 200 in 424ms (compile: 318ms, proxy.ts: 15ms, render: 92ms)
 GET /account/privacy 200 in 1010ms (compile: 946ms, proxy.ts: 14ms, render: 50ms)
 GET /subjects 200 in 752ms (compile: 696ms, proxy.ts: 11ms, render: 45ms)
 GET /subjects/3/topics 200 in 2.2s (compile: 2.2s, proxy.ts: 13ms, render: 66ms)
 GET /progress 200 in 49ms (compile: 7ms, proxy.ts: 9ms, render: 33ms)
 GET /dashboard 200 in 56ms (compile: 7ms, proxy.ts: 10ms, render: 39ms)
 GET /progress 200 in 61ms (compile: 9ms, proxy.ts: 12ms, render: 40ms)
 GET /dashboard 200 in 51ms (compile: 7ms, proxy.ts: 10ms, render: 35ms)
 GET /leaderboard 200 in 690ms (compile: 629ms, proxy.ts: 9ms, render: 52ms)
 GET /progress 200 in 58ms (compile: 7ms, proxy.ts: 11ms, render: 40ms)
✓ Compiled in 320ms
✓ Compiled in 240ms
 GET /dashboard 200 in 287ms (compile: 214ms, proxy.ts: 12ms, render: 60ms)
✓ Compiled in 137ms
 GET /dashboard 200 in 557ms (compile: 12ms, proxy.ts: 14ms, render: 532ms)
 GET /progress 200 in 306ms (compile: 227ms, proxy.ts: 9ms, render: 70ms)
 GET /dashboard 200 in 48ms (compile: 6ms, proxy.ts: 8ms, render: 33ms)
 GET /subjects 200 in 54ms (compile: 8ms, proxy.ts: 11ms, render: 35ms)
 GET /subjects/3/topics 200 in 91ms (compile: 35ms, proxy.ts: 9ms, render: 47ms)
 GET /subjects 200 in 57ms (compile: 7ms, proxy.ts: 10ms, render: 40ms)
 GET /subjects/11/topics 200 in 98ms (compile: 34ms, proxy.ts: 12ms, render: 53ms)
 GET /subjects 200 in 52ms (compile: 9ms, proxy.ts: 12ms, render: 32ms)
 GET /subjects/5/topics 200 in 82ms (compile: 27ms, proxy.ts: 9ms, render: 46ms)
 GET /practice?topicId=6&difficulty=ALL&subjectId=5&gradeId=4 200 in 955ms (compile: 891ms, proxy.ts: 10ms, render: 54ms)
 GET /subjects/5/topics?grade=4 200 in 88ms (compile: 29ms, proxy.ts: 13ms, render: 46ms)
 GET /dashboard 200 in 52ms (compile: 8ms, proxy.ts: 10ms, render: 35ms)
 GET /progress 200 in 57ms (compile: 8ms, proxy.ts: 11ms, render: 38ms)
✓ Compiled in 240ms
 GET /dashboard 200 in 370ms (compile: 277ms, proxy.ts: 11ms, render: 81ms)
 GET /subjects 200 in 60ms (compile: 8ms, proxy.ts: 10ms, render: 41ms)
 GET /subjects/3/topics 200 in 86ms (compile: 36ms, proxy.ts: 9ms, render: 41ms)
 GET /subjects 200 in 49ms (compile: 7ms, proxy.ts: 9ms, render: 33ms)
 GET /subjects/6/topics 200 in 86ms (compile: 31ms, proxy.ts: 11ms, render: 44ms)
 GET /practice?topicId=12&difficulty=ALL&subjectId=6&gradeId=4 200 in 55ms (compile: 8ms, proxy.ts: 10ms, render: 38ms)
 GET /subjects/6/topics?grade=4 200 in 180ms (compile: 63ms, proxy.ts: 67ms, render: 50ms)
 GET /practice?topicId=11&difficulty=ALL&subjectId=6&gradeId=4 200 in 84ms (compile: 11ms, proxy.ts: 16ms, render: 57ms)
 GET /dashboard 200 in 56ms (compile: 12ms, proxy.ts: 10ms, render: 35ms)
 GET /subjects/6/topics?grade=4&focus=12 200 in 92ms (compile: 32ms, proxy.ts: 12ms, render: 49ms)
 GET /subjects 200 in 54ms (compile: 8ms, proxy.ts: 10ms, render: 35ms)
 GET /subjects 200 in 54ms (compile: 9ms, proxy.ts: 11ms, render: 34ms)
 GET /subjects/6/topics 200 in 79ms (compile: 29ms, proxy.ts: 11ms, render: 39ms)
 GET /practice?topicId=11&difficulty=ALL&subjectId=6&gradeId=4 200 in 53ms (compile: 9ms, proxy.ts: 11ms, render: 33ms)
✓ Compiled in 133ms
 GET /subjects/6/topics?grade=4 200 in 90ms (compile: 31ms, proxy.ts: 10ms, render: 49ms)
 GET /dashboard 200 in 53ms (compile: 7ms, proxy.ts: 8ms, render: 37ms)
 GET /progress 200 in 62ms (compile: 11ms, proxy.ts: 10ms, render: 41ms)
✓ Compiled in 261ms
✓ Compiled in 253ms
✓ Compiled in 110ms
✓ Compiled in 225ms
✓ Compiled in 143ms
✓ Compiled in 118ms
✓ Compiled in 124ms
✓ Compiled in 133ms
 GET / 200 in 245ms (compile: 10ms, proxy.ts: 10ms, render: 225ms)
 GET / 200 in 171ms (compile: 9ms, proxy.ts: 10ms, render: 152ms)
 GET /dashboard 200 in 361ms (compile: 263ms, proxy.ts: 11ms, render: 87ms)
 GET /subjects 200 in 314ms (compile: 231ms, proxy.ts: 12ms, render: 71ms)
 GET /subjects/11/topics 200 in 356ms (compile: 255ms, proxy.ts: 8ms, render: 93ms)
 GET /subjects 200 in 52ms (compile: 7ms, proxy.ts: 11ms, render: 34ms)
 GET /subjects/6/topics 200 in 94ms (compile: 32ms, proxy.ts: 10ms, render: 53ms)
 GET /practice?topicId=12&difficulty=ALL&subjectId=6&gradeId=4 200 in 302ms (compile: 232ms, proxy.ts: 8ms, render: 63ms)
 GET /subjects/6/topics?grade=4 200 in 82ms (compile: 22ms, proxy.ts: 17ms, render: 44ms)
 GET /practice?topicId=12&difficulty=ALL&subjectId=6&gradeId=4 200 in 69ms (compile: 11ms, proxy.ts: 12ms, render: 46ms)
 GET /subjects/6/topics?grade=4 200 in 79ms (compile: 26ms, proxy.ts: 9ms, render: 43ms)
 GET /practice?topicId=13&difficulty=ALL&subjectId=6&gradeId=4 200 in 47ms (compile: 7ms, proxy.ts: 11ms, render: 30ms)
 GET /subjects/6/topics?grade=4 200 in 82ms (compile: 28ms, proxy.ts: 10ms, render: 44ms)
 GET /dashboard 200 in 66ms (compile: 10ms, proxy.ts: 13ms, render: 44ms)
 GET /progress 200 in 359ms (compile: 265ms, proxy.ts: 15ms, render: 79ms)
✓ Compiled in 112ms
✓ Compiled in 115ms
✓ Compiled in 108ms
✓ Compiled in 101ms
 GET /subjects 200 in 420ms (compile: 332ms, proxy.ts: 14ms, render: 74ms)
 GET /subjects 200 in 59ms (compile: 8ms, proxy.ts: 12ms, render: 39ms)
 GET /subjects/7/topics 200 in 392ms (compile: 301ms, proxy.ts: 13ms, render: 78ms)
 GET /practice?topicId=16&difficulty=ALL&subjectId=7&gradeId=4 200 in 58ms (compile: 9ms, proxy.ts: 12ms, render: 37ms)
 GET /subjects/7/topics?grade=4 200 in 98ms (compile: 32ms, proxy.ts: 13ms, render: 53ms)
 GET /practice?topicId=17&difficulty=ALL&subjectId=7&gradeId=4 200 in 59ms (compile: 9ms, proxy.ts: 9ms, render: 41ms)
✓ Compiled in 172ms
 GET /dashboard 200 in 326ms (compile: 245ms, proxy.ts: 9ms, render: 72ms)
 GET /progress 200 in 343ms (compile: 255ms, proxy.ts: 12ms, render: 77ms)
 GET /progress 200 in 801ms (compile: 7ms, proxy.ts: 11ms, render: 782ms)
✓ Compiled in 177ms
 GET /dashboard 200 in 96ms (compile: 16ms, proxy.ts: 15ms, render: 65ms)
 GET /subjects 200 in 53ms (compile: 7ms, proxy.ts: 9ms, render: 37ms)
✓ Compiled in 125ms
✓ Compiled in 274ms
 GET / 200 in 222ms (compile: 10ms, proxy.ts: 11ms, render: 201ms)
✓ Compiled in 106ms
 GET / 200 in 169ms (compile: 7ms, proxy.ts: 9ms, render: 153ms)
 GET /subjects 200 in 364ms (compile: 283ms, proxy.ts: 11ms, render: 69ms)
 GET /subjects/3/topics 200 in 382ms (compile: 295ms, proxy.ts: 9ms, render: 78ms)
 GET /subjects/11/topics 200 in 91ms (compile: 26ms, proxy.ts: 14ms, render: 51ms)
 GET /subjects/6/topics 200 in 96ms (compile: 31ms, proxy.ts: 13ms, render: 52ms)
 GET /subscribe 200 in 320ms (compile: 250ms, proxy.ts: 10ms, render: 60ms)
 GET /subjects 200 in 50ms (compile: 6ms, proxy.ts: 9ms, render: 35ms)
 GET /progress 200 in 300ms (compile: 231ms, proxy.ts: 12ms, render: 56ms)
✓ Compiled in 140ms
 GET /progress 200 in 552ms (compile: 330ms, proxy.ts: 11ms, render: 211ms)
 GET /progress 200 in 190ms (compile: 11ms, proxy.ts: 13ms, render: 166ms)
 GET /progress 200 in 144ms (compile: 11ms, proxy.ts: 13ms, render: 120ms)
 GET /progress 200 in 150ms (compile: 10ms, proxy.ts: 12ms, render: 128ms)
 GET /progress 200 in 151ms (compile: 8ms, proxy.ts: 12ms, render: 131ms)
 GET /progress 200 in 153ms (compile: 9ms, proxy.ts: 11ms, render: 133ms)
 GET /progress 200 in 97ms (compile: 11ms, proxy.ts: 12ms, render: 75ms)
✓ Compiled in 235ms
 GET /dashboard 200 in 402ms (compile: 305ms, proxy.ts: 11ms, render: 85ms)
 GET /bookmarks 200 in 202ms (compile: 150ms, proxy.ts: 10ms, render: 41ms)
 GET /subjects 200 in 356ms (compile: 257ms, proxy.ts: 11ms, render: 88ms)
 GET /subjects/11/topics 200 in 375ms (compile: 295ms, proxy.ts: 9ms, render: 71ms)
 GET /subjects 200 in 64ms (compile: 8ms, proxy.ts: 13ms, render: 43ms)
 GET /subjects/6/topics 200 in 83ms (compile: 27ms, proxy.ts: 9ms, render: 47ms)
 GET /practice?difficulty=ALL&subjectId=6&gradeId=4&chapter=6 200 in 289ms (compile: 220ms, proxy.ts: 9ms, render: 60ms)
 GET /subjects 200 in 45ms (compile: 7ms, proxy.ts: 9ms, render: 29ms)
 GET /dashboard 200 in 44ms (compile: 6ms, proxy.ts: 9ms, render: 29ms)
 GET /progress 200 in 319ms (compile: 252ms, proxy.ts: 10ms, render: 57ms)
 GET /dashboard 200 in 61ms (compile: 8ms, proxy.ts: 13ms, render: 41ms)
 GET /subjects 200 in 50ms (compile: 9ms, proxy.ts: 10ms, render: 32ms)
 GET /dashboard 200 in 59ms (compile: 9ms, proxy.ts: 11ms, render: 39ms)
 GET /bookmarks 200 in 62ms (compile: 8ms, proxy.ts: 11ms, render: 44ms)
✓ Compiled in 118ms
 GET /dashboard 200 in 62ms (compile: 10ms, proxy.ts: 11ms, render: 40ms)
 GET /leaderboard 200 in 388ms (compile: 305ms, proxy.ts: 11ms, render: 72ms)
 GET /dashboard 200 in 62ms (compile: 9ms, proxy.ts: 10ms, render: 43ms)
 GET /progress 200 in 447ms (compile: 347ms, proxy.ts: 13ms, render: 87ms)
 GET /subjects/6/topics?grade=4&focus=13 200 in 178ms (compile: 49ms, proxy.ts: 20ms, render: 109ms)
 GET /dashboard 200 in 53ms (compile: 10ms, proxy.ts: 10ms, render: 33ms)
 GET /subjects 200 in 50ms (compile: 10ms, proxy.ts: 8ms, render: 32ms)
 GET /dashboard 200 in 57ms (compile: 7ms, proxy.ts: 11ms, render: 39ms)
 GET /subscribe 200 in 346ms (compile: 267ms, proxy.ts: 13ms, render: 66ms)
 GET /dashboard 200 in 50ms (compile: 6ms, proxy.ts: 9ms, render: 36ms)
 GET /account/privacy 200 in 381ms (compile: 298ms, proxy.ts: 10ms, render: 72ms)
 GET /dashboard 200 in 49ms (compile: 7ms, proxy.ts: 11ms, render: 32ms)
 GET /leaderboard 200 in 56ms (compile: 7ms, proxy.ts: 9ms, render: 40ms)
✓ Compiled in 118ms
✓ Compiled in 112ms
✓ Compiled in 223ms
✓ Compiled in 124ms
✓ Compiled in 126ms
✓ Compiled in 119ms
✓ Compiled in 98ms
✓ Compiled in 111ms
✓ Compiled in 176ms
✓ Compiled in 101ms
✓ Compiled in 124ms
✓ Compiled in 105ms
✓ Compiled in 98ms
 GET /account/subscription 200 in 907ms (compile: 835ms, proxy.ts: 11ms, render: 62ms)
 GET /account/privacy 200 in 446ms (compile: 333ms, proxy.ts: 14ms, render: 98ms)
 GET /subscribe 200 in 472ms (compile: 317ms, proxy.ts: 9ms, render: 147ms)
 GET /subjects 200 in 341ms (compile: 249ms, proxy.ts: 9ms, render: 83ms)
 GET /subjects 200 in 59ms (compile: 8ms, proxy.ts: 10ms, render: 40ms)
✓ Compiled in 611ms
✓ Compiled in 114ms
 GET /subjects 200 in 358ms (compile: 274ms, proxy.ts: 11ms, render: 73ms)
 GET /subjects 200 in 59ms (compile: 7ms, proxy.ts: 10ms, render: 41ms)
✓ Compiled in 91ms
✓ Compiled in 296ms
 GET /mock-exams/subjects 200 in 2.1s (compile: 1651ms, proxy.ts: 15ms, render: 473ms)
 GET /progress 200 in 1079ms (compile: 414ms, proxy.ts: 13ms, render: 652ms)
 GET /bookmarks 200 in 425ms (compile: 311ms, proxy.ts: 17ms, render: 97ms)
 GET /leaderboard 200 in 414ms (compile: 271ms, proxy.ts: 13ms, render: 130ms)
 GET /subjects 200 in 71ms (compile: 11ms, proxy.ts: 16ms, render: 44ms)
 GET /account/subscription 200 in 81ms (compile: 10ms, proxy.ts: 13ms, render: 57ms)
 GET /bookmarks 200 in 100ms (compile: 17ms, proxy.ts: 17ms, render: 65ms)
 GET /dashboard 200 in 411ms (compile: 314ms, proxy.ts: 12ms, render: 85ms)
 GET /subjects 200 in 65ms (compile: 9ms, proxy.ts: 13ms, render: 43ms)
 GET /subjects/7/topics?grade=2 200 in 412ms (compile: 317ms, proxy.ts: 10ms, render: 85ms)
 GET /subjects/7/topics 200 in 89ms (compile: 30ms, proxy.ts: 9ms, render: 50ms)
 GET /subjects/7/topics 200 in 93ms (compile: 26ms, proxy.ts: 13ms, render: 54ms)
 GET /subjects/6/topics 200 in 85ms (compile: 29ms, proxy.ts: 9ms, render: 47ms)
 GET /progress 200 in 61ms (compile: 9ms, proxy.ts: 13ms, render: 40ms)
 GET /subjects/6/topics?grade=4&focus=13 200 in 87ms (compile: 31ms, proxy.ts: 11ms, render: 45ms)
 GET /subjects/6/topics?grade=4&focus=13 200 in 75ms (compile: 24ms, proxy.ts: 10ms, render: 41ms)
 GET /bookmarks 200 in 56ms (compile: 10ms, proxy.ts: 9ms, render: 37ms)
 GET /leaderboard 200 in 61ms (compile: 9ms, proxy.ts: 10ms, render: 42ms)
✓ Compiled in 376ms
✓ Compiled in 133ms
✓ Compiled in 132ms
 GET /subscribe 200 in 417ms (compile: 291ms, proxy.ts: 11ms, render: 114ms)
 GET /account/subscription 200 in 384ms (compile: 290ms, proxy.ts: 14ms, render: 80ms)
 GET /account/privacy 200 in 454ms (compile: 349ms, proxy.ts: 14ms, render: 91ms)
✓ Compiled in 128ms
 GET /subscribe 200 in 59ms (compile: 9ms, proxy.ts: 11ms, render: 39ms)
 GET /progress 200 in 378ms (compile: 290ms, proxy.ts: 11ms, render: 77ms)
 GET / 200 in 1206ms (compile: 597ms, proxy.ts: 39ms, render: 570ms)
 GET / 200 in 350ms (compile: 13ms, proxy.ts: 16ms, render: 322ms)
 GET / 200 in 201ms (compile: 7ms, proxy.ts: 11ms, render: 183ms)
 GET /dashboard 200 in 458ms (compile: 353ms, proxy.ts: 8ms, render: 97ms)
 GET /subjects 200 in 363ms (compile: 278ms, proxy.ts: 10ms, render: 74ms)
 GET /progress 200 in 57ms (compile: 20ms, proxy.ts: 8ms, render: 29ms)
 GET /subjects/6/topics?grade=4&focus=13 200 in 331ms (compile: 259ms, proxy.ts: 7ms, render: 66ms)
 GET /dashboard 200 in 51ms (compile: 7ms, proxy.ts: 9ms, render: 35ms)
 GET /mock-exams/subjects 200 in 290ms (compile: 217ms, proxy.ts: 8ms, render: 65ms)
 GET /mock-exams/subjects/1/grades 200 in 2.3s (compile: 2.2s, proxy.ts: 6ms, render: 54ms)
 GET /mock-exams?subjectId=1&gradeId=4&autoStart=1 200 in 977ms (compile: 929ms, proxy.ts: 8ms, render: 39ms)
 GET /mock-exams/db7b0ba6-141f-4c15-ad9b-818559272e31/attempt?attemptId=947ebb1f-628a-43b8-a8d4-ff44299d2f4e 200 in 2.3s (compile: 2.3s, proxy.ts: 8ms, render: 41ms)
 GET /mock-exams/attempts/947ebb1f-628a-43b8-a8d4-ff44299d2f4e 200 in 2.2s (compile: 2.1s, proxy.ts: 10ms, render: 59ms)
 GET /dashboard 200 in 42ms (compile: 6ms, proxy.ts: 7ms, render: 29ms)
 GET /subjects 200 in 52ms (compile: 7ms, proxy.ts: 9ms, render: 36ms)
 GET /progress 200 in 50ms (compile: 6ms, proxy.ts: 8ms, render: 35ms)
 GET /bookmarks 200 in 293ms (compile: 228ms, proxy.ts: 7ms, render: 58ms)
 GET /progress 200 in 46ms (compile: 10ms, proxy.ts: 8ms, render: 28ms)
 GET /dashboard 200 in 40ms (compile: 6ms, proxy.ts: 7ms, render: 27ms)
 GET /progress 200 in 78ms (compile: 9ms, proxy.ts: 16ms, render: 53ms)
 GET /account/privacy 200 in 74ms (compile: 19ms, proxy.ts: 11ms, render: 44ms)
 GET /dashboard 200 in 47ms (compile: 7ms, proxy.ts: 7ms, render: 32ms)
 GET /bookmarks 200 in 88ms (compile: 9ms, proxy.ts: 10ms, render: 69ms)
 GET /account/privacy 200 in 53ms (compile: 6ms, proxy.ts: 8ms, render: 38ms)
 GET /progress 200 in 59ms (compile: 8ms, proxy.ts: 9ms, render: 42ms)
✓ Compiled in 156ms
 GET /progress 200 in 52ms (compile: 6ms, proxy.ts: 9ms, render: 38ms)
 GET /dashboard 200 in 332ms (compile: 242ms, proxy.ts: 8ms, render: 82ms)
 GET /leaderboard 200 in 333ms (compile: 261ms, proxy.ts: 8ms, render: 65ms)
 GET /progress 200 in 64ms (compile: 8ms, proxy.ts: 14ms, render: 42ms)
 GET /dashboard 200 in 50ms (compile: 6ms, proxy.ts: 8ms, render: 36ms)
 GET /account/subscription 200 in 89ms (compile: 16ms, proxy.ts: 8ms, render: 65ms)
 GET /account/privacy 200 in 53ms (compile: 5ms, proxy.ts: 7ms, render: 40ms)
 GET /subscribe 200 in 75ms (compile: 18ms, proxy.ts: 7ms, render: 50ms)
 GET /dashboard 200 in 49ms (compile: 7ms, proxy.ts: 7ms, render: 35ms)
 GET /subjects 200 in 52ms (compile: 6ms, proxy.ts: 8ms, render: 37ms)
 GET /dashboard 200 in 51ms (compile: 6ms, proxy.ts: 9ms, render: 36ms)
 GET /progress 200 in 66ms (compile: 9ms, proxy.ts: 9ms, render: 47ms)
 GET /dashboard 200 in 48ms (compile: 8ms, proxy.ts: 7ms, render: 34ms)
 GET /account/privacy 200 in 52ms (compile: 6ms, proxy.ts: 9ms, render: 37ms)
 GET /account/subscription 200 in 54ms (compile: 7ms, proxy.ts: 9ms, render: 39ms)
 GET /subscribe 200 in 50ms (compile: 6ms, proxy.ts: 9ms, render: 35ms)
 GET /leaderboard 200 in 51ms (compile: 8ms, proxy.ts: 8ms, render: 35ms)
 GET /bookmarks 200 in 47ms (compile: 6ms, proxy.ts: 7ms, render: 34ms)
 GET /subjects 200 in 47ms (compile: 6ms, proxy.ts: 7ms, render: 34ms)
✓ Compiled in 208ms
 GET /progress 200 in 61ms (compile: 8ms, proxy.ts: 9ms, render: 44ms)
 GET /progress 200 in 57ms (compile: 8ms, proxy.ts: 9ms, render: 40ms)
 GET /dashboard 200 in 51ms (compile: 10ms, proxy.ts: 10ms, render: 31ms)
✓ Compiled in 112ms
 GET /mock-exams/subjects 200 in 56ms (compile: 8ms, proxy.ts: 8ms, render: 40ms)
 GET /subjects 200 in 380ms (compile: 293ms, proxy.ts: 8ms, render: 79ms)
 GET /subjects/7/topics?grade=2 200 in 69ms (compile: 24ms, proxy.ts: 8ms, render: 38ms)
 GET /practice?topicId=16&difficulty=ALL&subjectId=7&gradeId=4&chapter=1 200 in 492ms (compile: 306ms, proxy.ts: 8ms, render: 177ms)
 GET /dashboard 200 in 48ms (compile: 6ms, proxy.ts: 9ms, render: 33ms)
 GET /progress 200 in 42ms (compile: 6ms, proxy.ts: 7ms, render: 28ms)
 GET /dashboard 200 in 41ms (compile: 6ms, proxy.ts: 7ms, render: 29ms)
 GET /subjects 200 in 51ms (compile: 6ms, proxy.ts: 7ms, render: 39ms)
 GET /subjects/7/topics 200 in 64ms (compile: 20ms, proxy.ts: 7ms, render: 37ms)
 GET /dashboard 200 in 48ms (compile: 7ms, proxy.ts: 7ms, render: 34ms)
 GET /leaderboard 200 in 43ms (compile: 6ms, proxy.ts: 7ms, render: 30ms)
 GET /dashboard 200 in 42ms (compile: 5ms, proxy.ts: 7ms, render: 30ms)
 GET /subscribe 200 in 46ms (compile: 6ms, proxy.ts: 8ms, render: 32ms)
 GET /dashboard 200 in 43ms (compile: 6ms, proxy.ts: 7ms, render: 29ms)
 GET /account/subscription 200 in 48ms (compile: 6ms, proxy.ts: 7ms, render: 36ms)
 GET /account/privacy 200 in 49ms (compile: 6ms, proxy.ts: 7ms, render: 36ms)
 GET /dashboard 200 in 42ms (compile: 5ms, proxy.ts: 7ms, render: 30ms)
 GET /subjects 200 in 44ms (compile: 7ms, proxy.ts: 7ms, render: 30ms)
 GET /subjects/7/topics 200 in 61ms (compile: 19ms, proxy.ts: 8ms, render: 34ms)
 GET /progress 200 in 48ms (compile: 6ms, proxy.ts: 9ms, render: 34ms)
 GET /dashboard 200 in 45ms (compile: 6ms, proxy.ts: 8ms, render: 31ms)
✓ Compiled in 221ms
✓ Compiled in 179ms
✓ Compiled in 106ms
 GET /dashboard 200 in 1420ms (compile: 778ms, proxy.ts: 38ms, render: 604ms)
✓ Compiled in 333ms
 GET /progress 200 in 483ms (compile: 369ms, proxy.ts: 16ms, render: 98ms)
 GET /dashboard 200 in 60ms (compile: 11ms, proxy.ts: 8ms, render: 42ms)
 GET /progress 200 in 55ms (compile: 8ms, proxy.ts: 8ms, render: 39ms)
✓ Compiled in 498ms
 GET /dashboard 200 in 63ms (compile: 12ms, proxy.ts: 9ms, render: 41ms)
 GET /account/subscription 200 in 90ms (compile: 29ms, proxy.ts: 12ms, render: 49ms)
 GET /progress 200 in 76ms (compile: 8ms, proxy.ts: 14ms, render: 55ms)
✓ Compiled in 149ms
 GET /subjects/6/topics?grade=4&focus=13 200 in 117ms (compile: 48ms, proxy.ts: 9ms, render: 61ms)
✓ Compiled in 159ms
 GET /dashboard 200 in 421ms (compile: 324ms, proxy.ts: 16ms, render: 81ms)
 GET /subjects 200 in 97ms (compile: 35ms, proxy.ts: 13ms, render: 49ms)
 GET /progress 200 in 384ms (compile: 298ms, proxy.ts: 9ms, render: 76ms)
✓ Compiled in 184ms
✓ Compiled in 36ms
✓ Compiled in 1246ms
 GET /dashboard 200 in 665ms (compile: 387ms, proxy.ts: 17ms, render: 261ms)
 GET /dashboard 200 in 189ms (compile: 14ms, proxy.ts: 17ms, render: 158ms)
 GET /dashboard 200 in 181ms (compile: 9ms, proxy.ts: 13ms, render: 159ms)
 GET /dashboard 200 in 179ms (compile: 11ms, proxy.ts: 14ms, render: 154ms)
 GET /dashboard 200 in 180ms (compile: 12ms, proxy.ts: 13ms, render: 154ms)
 GET /dashboard 200 in 168ms (compile: 12ms, proxy.ts: 14ms, render: 142ms)
 GET /dashboard 200 in 166ms (compile: 11ms, proxy.ts: 18ms, render: 136ms)
 GET /dashboard 200 in 164ms (compile: 15ms, proxy.ts: 11ms, render: 137ms)
 GET /dashboard 200 in 155ms (compile: 11ms, proxy.ts: 12ms, render: 132ms)
 GET /dashboard 200 in 154ms (compile: 10ms, proxy.ts: 12ms, render: 132ms)
 GET /dashboard 200 in 157ms (compile: 10ms, proxy.ts: 12ms, render: 134ms)
 GET /dashboard 200 in 151ms (compile: 10ms, proxy.ts: 12ms, render: 129ms)
 GET /dashboard 200 in 148ms (compile: 10ms, proxy.ts: 12ms, render: 125ms)
 GET /dashboard 200 in 147ms (compile: 11ms, proxy.ts: 16ms, render: 120ms)
 GET /dashboard 200 in 138ms (compile: 11ms, proxy.ts: 12ms, render: 116ms)
 GET /dashboard 200 in 76ms (compile: 15ms, proxy.ts: 12ms, render: 48ms)
✓ Compiled in 156ms
 GET /dashboard 200 in 847ms (compile: 319ms, proxy.ts: 9ms, render: 519ms)
✓ Compiled in 124ms
✓ Compiled in 223ms
✓ Compiled in 1185ms
 GET /dashboard 200 in 543ms (compile: 310ms, proxy.ts: 15ms, render: 219ms)
 GET /dashboard 200 in 234ms (compile: 15ms, proxy.ts: 17ms, render: 202ms)
 GET /dashboard 200 in 234ms (compile: 19ms, proxy.ts: 15ms, render: 200ms)
 GET /dashboard 200 in 207ms (compile: 13ms, proxy.ts: 14ms, render: 180ms)
 GET /dashboard 200 in 192ms (compile: 13ms, proxy.ts: 16ms, render: 163ms)
 GET /dashboard 200 in 180ms (compile: 10ms, proxy.ts: 16ms, render: 154ms)
 GET /dashboard 200 in 172ms (compile: 13ms, proxy.ts: 13ms, render: 147ms)
 GET /dashboard 200 in 172ms (compile: 10ms, proxy.ts: 13ms, render: 149ms)
 GET /dashboard 200 in 235ms (compile: 11ms, proxy.ts: 12ms, render: 212ms)
 GET /dashboard 200 in 243ms (compile: 24ms, proxy.ts: 15ms, render: 203ms)
 GET /dashboard 200 in 245ms (compile: 12ms, proxy.ts: 12ms, render: 221ms)
 GET /dashboard 200 in 256ms (compile: 10ms, proxy.ts: 18ms, render: 227ms)
 GET /dashboard 200 in 191ms (compile: 10ms, proxy.ts: 14ms, render: 167ms)
 GET /dashboard 200 in 188ms (compile: 12ms, proxy.ts: 14ms, render: 163ms)
 GET /dashboard 200 in 160ms (compile: 11ms, proxy.ts: 13ms, render: 135ms)
 GET /dashboard 200 in 85ms (compile: 12ms, proxy.ts: 15ms, render: 58ms)
 GET /subjects 200 in 49ms (compile: 14ms, proxy.ts: 7ms, render: 27ms)
 GET /progress 200 in 62ms (compile: 22ms, proxy.ts: 9ms, render: 31ms)
 GET /dashboard 200 in 38ms (compile: 5ms, proxy.ts: 6ms, render: 27ms)
 GET /subjects 200 in 42ms (compile: 5ms, proxy.ts: 7ms, render: 30ms)
 GET /mock-exams/subjects 200 in 71ms (compile: 29ms, proxy.ts: 9ms, render: 32ms)
 GET /progress 200 in 51ms (compile: 6ms, proxy.ts: 8ms, render: 38ms)
 GET /mock-exams/subjects 200 in 52ms (compile: 6ms, proxy.ts: 8ms, render: 38ms)
✓ Compiled in 595ms
✓ Compiled in 331ms
✓ Compiled in 360ms
✓ Compiled in 456ms
 GET /subjects 200 in 458ms (compile: 357ms, proxy.ts: 8ms, render: 93ms)
 GET /progress 200 in 451ms (compile: 345ms, proxy.ts: 9ms, render: 97ms)
 GET /dashboard 200 in 335ms (compile: 250ms, proxy.ts: 9ms, render: 76ms)
✓ Compiled in 299ms
✓ Compiled in 333ms
✓ Compiled in 112ms
✓ Compiled in 110ms
 GET /progress 200 in 342ms (compile: 270ms, proxy.ts: 12ms, render: 60ms)
 GET /dashboard 200 in 407ms (compile: 326ms, proxy.ts: 9ms, render: 72ms)
✓ Compiled in 381ms
✓ Compiled in 357ms
✓ Compiled in 175ms
✓ Compiled in 44ms
✓ Compiled in 23ms
✓ Compiled in 1226ms
 GET /dashboard 200 in 485ms (compile: 288ms, proxy.ts: 13ms, render: 184ms)
 GET /dashboard 200 in 183ms (compile: 11ms, proxy.ts: 11ms, render: 161ms)
 GET /dashboard 200 in 177ms (compile: 14ms, proxy.ts: 14ms, render: 148ms)
 GET /dashboard 200 in 203ms (compile: 11ms, proxy.ts: 13ms, render: 179ms)
 GET /dashboard 200 in 150ms (compile: 13ms, proxy.ts: 12ms, render: 125ms)
 GET /dashboard 200 in 157ms (compile: 9ms, proxy.ts: 12ms, render: 136ms)
 GET /dashboard 200 in 183ms (compile: 11ms, proxy.ts: 11ms, render: 161ms)
 GET /dashboard 200 in 190ms (compile: 10ms, proxy.ts: 12ms, render: 168ms)
 GET /dashboard 200 in 172ms (compile: 15ms, proxy.ts: 17ms, render: 141ms)
 GET /dashboard 200 in 153ms (compile: 9ms, proxy.ts: 18ms, render: 126ms)
 GET /dashboard 200 in 151ms (compile: 10ms, proxy.ts: 12ms, render: 129ms)
 GET /dashboard 200 in 151ms (compile: 9ms, proxy.ts: 12ms, render: 129ms)
 GET /dashboard 200 in 154ms (compile: 10ms, proxy.ts: 12ms, render: 132ms)
 GET /dashboard 200 in 151ms (compile: 10ms, proxy.ts: 13ms, render: 128ms)
 GET /dashboard 200 in 129ms (compile: 10ms, proxy.ts: 12ms, render: 107ms)
 GET /dashboard 200 in 70ms (compile: 10ms, proxy.ts: 12ms, render: 47ms)
✓ Compiled in 371ms
✓ Compiled in 411ms
✓ Compiled in 1248ms
 GET /dashboard 200 in 653ms (compile: 375ms, proxy.ts: 14ms, render: 264ms)
 GET /dashboard 200 in 252ms (compile: 11ms, proxy.ts: 15ms, render: 226ms)
 GET /dashboard 200 in 308ms (compile: 11ms, proxy.ts: 15ms, render: 281ms)
 GET /dashboard 200 in 244ms (compile: 15ms, proxy.ts: 29ms, render: 201ms)
 GET /dashboard 200 in 158ms (compile: 10ms, proxy.ts: 14ms, render: 134ms)
 GET /dashboard 200 in 149ms (compile: 9ms, proxy.ts: 11ms, render: 130ms)
 GET /dashboard 200 in 142ms (compile: 9ms, proxy.ts: 11ms, render: 122ms)
 GET /dashboard 200 in 156ms (compile: 10ms, proxy.ts: 15ms, render: 131ms)
 GET /dashboard 200 in 156ms (compile: 10ms, proxy.ts: 10ms, render: 136ms)
 GET /dashboard 200 in 154ms (compile: 10ms, proxy.ts: 13ms, render: 131ms)
 GET /dashboard 200 in 155ms (compile: 10ms, proxy.ts: 12ms, render: 133ms)
 GET /dashboard 200 in 148ms (compile: 8ms, proxy.ts: 15ms, render: 125ms)
 GET /dashboard 200 in 135ms (compile: 7ms, proxy.ts: 11ms, render: 117ms)
 GET /dashboard 200 in 150ms (compile: 9ms, proxy.ts: 13ms, render: 128ms)
 GET /dashboard 200 in 139ms (compile: 13ms, proxy.ts: 10ms, render: 116ms)
 GET /dashboard 200 in 74ms (compile: 10ms, proxy.ts: 15ms, render: 49ms)
 GET /subjects 200 in 49ms (compile: 7ms, proxy.ts: 7ms, render: 35ms)
 GET /progress 200 in 301ms (compile: 233ms, proxy.ts: 7ms, render: 61ms)
 GET /dashboard 200 in 47ms (compile: 6ms, proxy.ts: 9ms, render: 32ms)
